<?xml version="1.0" encoding="UTF-8"?>
<testsuite xmlns:xsi="http://www.w3.org/2001/XMLSchema-instance" xsi:noNamespaceSchemaLocation="https://maven.apache.org/surefire/maven-surefire-plugin/xsd/surefire-test-report.xsd" name="Runner.WebOrderRegressionRunner" time="32.426" tests="10" errors="0" skipped="0" failures="1">
  <properties>
[...]
</properties>
  <testcase name="Login Page Positive Test" classname="WebOrder Login page Test" time="7.564"/>
  <testcase name="Login Functionality Negative Test" classname="WebOrder Login page Test" time="0.993"/>
  <testcase name="Login Functionality Negative Test 1" classname="WebOrder Login page Test" time="1.053"/>
  <testcase name="Login Functionality Negative Test 2" classname="WebOrder Login page Test" time="1.684">
    <failure message="Error Message Validation expected:&lt;...id Login or Password[]&gt; but was:&lt;...id Login or Password[.]&gt;" type="org.junit.ComparisonFailure"><![CDATA[org.junit.ComparisonFailure: Error Message Validation expected:<...id Login or Password[]> but was:<...id Login or Password[.]>
]]></failure>
    <system-out><![CDATA[This one will run before each scenario
Login Functionality Negative Test 2
Login Page Step Class
Before Step Annotation
After Step Annotation
Before Step Annotation
After Step Annotation
Before Step Annotation
After Step Annotation
This one will run after each scenario
failed
]]></system-out>
  </testcase>
  <testcase name="Validate new order in WebOrder page" classname="New order validation" time="4.191"/>
  <testcase name="Validation of new order headers" classname="Validation of headers" time="1.885"/>
  <testcase name="New Order Validation" classname="Validation of New order using Scenario Outline" time="4.597"/>
  <testcase name="New Order Validation" classname="Validation of New order using Scenario Outline" time="4.3"/>
  <testcase name="New Order Validation" classname="Validation of New order using Scenario Outline" time="3.873"/>
  <testcase name="Validation of All products" classname="All Products" time="1.365"/>
</testsuite>